#
# There is insufficient memory for the Java Runtime Environment to continue.
# Native memory allocation (mmap) failed to map 26214400 bytes. Error detail: G1 virtual space
# Possible reasons:
#   The system is out of physical RAM or swap space
#   This process is running with CompressedOops enabled, and the Java Heap may be blocking the growth of the native heap
# Possible solutions:
#   Reduce memory load on the system
#   Increase physical memory or swap space
#   Check if swap backing store is full
#   Decrease Java heap size (-Xmx/-Xms)
#   Decrease number of Java threads
#   Decrease Java thread stack sizes (-Xss)
#   Set larger code cache with -XX:ReservedCodeCacheSize=
#   JVM is running with Unscaled Compressed Oops mode in which the Java heap is
#     placed in the first 4GB address space. The Java Heap base address is the
#     maximum limit for the native heap growth. Please use -XX:HeapBaseMinAddress
#     to set the Java Heap base and to place the Java Heap above 4GB virtual address.
# This output file may be truncated or incomplete.
#
#  Out of Memory Error (os_windows.cpp:3614), pid=13224, tid=8
#
# JRE version: OpenJDK Runtime Environment (Red_Hat-17.0.13.0+11-1) (17.0.13+11) (build 17.0.13+11-LTS)
# Java VM: OpenJDK 64-Bit Server VM (Red_Hat-17.0.13.0+11-1) (17.0.13+11-LTS, mixed mode, sharing, tiered, compressed oops, compressed class ptrs, g1 gc, windows-amd64)
# No core dump will be written. Minidumps are not enabled by default on client versions of Windows
#

---------------  S U M M A R Y ------------

Command Line: -XX:MaxMetaspaceSize=512m --add-opens=java.base/java.util=ALL-UNNAMED --add-opens=java.base/java.lang=ALL-UNNAMED --add-opens=java.base/java.lang.invoke=ALL-UNNAMED --add-opens=java.prefs/java.util.prefs=ALL-UNNAMED --add-exports=jdk.compiler/com.sun.tools.javac.api=ALL-UNNAMED --add-exports=jdk.compiler/com.sun.tools.javac.util=ALL-UNNAMED --add-opens=java.base/java.nio.charset=ALL-UNNAMED --add-opens=java.base/java.net=ALL-UNNAMED --add-opens=java.base/java.util.concurrent.atomic=ALL-UNNAMED -Dfile.encoding=windows-1252 -Duser.country=US -Duser.language=en -Duser.variant -javaagent:C:\Users\LENOVO YOGA\.gradle\wrapper\dists\gradle-8.10.2-bin\a04bxjujx95o3nb99gddekhwo\gradle-8.10.2\lib\agents\gradle-instrumentation-agent-8.10.2.jar org.gradle.launcher.daemon.bootstrap.GradleDaemon 8.10.2

Host: Intel(R) Pentium(R) CPU 4405U @ 2.10GHz, 4 cores, 7G,  Windows 11 , 64 bit Build 22000 (10.0.22000.2538)
Time: Thu Oct 24 04:34:02 2024 W. Central Africa Standard Time elapsed time: 51.466991 seconds (0d 0h 0m 51s)

---------------  T H R E A D  ---------------

Current thread (0x00000122b0eff900):  VMThread "VM Thread" [stack: 0x000000122be00000,0x000000122bf00000] [id=8]

Stack: [0x000000122be00000,0x000000122bf00000]
Native frames: (J=compiled Java code, j=interpreted, Vv=VM code, C=native code)
V  [jvm.dll+0x681019]
V  [jvm.dll+0x838b6a]
V  [jvm.dll+0x83a62e]
V  [jvm.dll+0x83ac93]
V  [jvm.dll+0x24858f]
V  [jvm.dll+0x67dd59]
V  [jvm.dll+0x67282a]
V  [jvm.dll+0x30852b]
V  [jvm.dll+0x30fa26]
V  [jvm.dll+0x35fd2e]
V  [jvm.dll+0x35ff6f]
V  [jvm.dll+0x2df4dc]
V  [jvm.dll+0x2dd89f]
V  [jvm.dll+0x2dcfcc]
V  [jvm.dll+0x32075b]
V  [jvm.dll+0x83f18d]
V  [jvm.dll+0x83fed2]
V  [jvm.dll+0x8403ff]
V  [jvm.dll+0x8407e4]
V  [jvm.dll+0x8408b0]
V  [jvm.dll+0x7e7e2c]
V  [jvm.dll+0x67fee7]
C  [ucrtbase.dll+0x26c0c]
C  [KERNEL32.DLL+0x153e0]
C  [ntdll.dll+0x485b]

VM_Operation (0x000000122d5f3ce0): G1CollectForAllocation, mode: safepoint, requested by thread 0x00000122d1170900


---------------  P R O C E S S  ---------------

Threads class SMR info:
_java_thread_list=0x00000122d2e5dce0, length=35, elements={
0x000001229308c830, 0x00000122b0f056b0, 0x00000122b0f06330, 0x00000122b0f1e920,
0x00000122b0f202f0, 0x00000122b0f20cb0, 0x00000122b0f221e0, 0x00000122b0f28300,
0x00000122b0f2b930, 0x00000122b0f54f10, 0x00000122d01ac3f0, 0x00000122d027a2b0,
0x00000122d1a34440, 0x00000122d054fa30, 0x00000122d04fb890, 0x00000122d1973a30,
0x00000122d1974720, 0x00000122d11703f0, 0x00000122d1170900, 0x00000122d1172760,
0x00000122d1170e10, 0x00000122d116f9d0, 0x00000122d1171830, 0x00000122d1171320,
0x00000122d1171d40, 0x00000122d116efb0, 0x00000122d1172250, 0x00000122d116f4c0,
0x00000122d116fee0, 0x00000122d1bf6600, 0x00000122d1bf9db0, 0x00000122d1bf7f50,
0x00000122d1bf7a40, 0x00000122d1bfa2c0, 0x00000122d1bf5be0
}

Java Threads: ( => current thread )
  0x000001229308c830 JavaThread "main" [_thread_blocked, id=13160, stack(0x000000122b800000,0x000000122b900000)]
  0x00000122b0f056b0 JavaThread "Reference Handler" daemon [_thread_blocked, id=15508, stack(0x000000122bf00000,0x000000122c000000)]
  0x00000122b0f06330 JavaThread "Finalizer" daemon [_thread_blocked, id=15848, stack(0x000000122c000000,0x000000122c100000)]
  0x00000122b0f1e920 JavaThread "Signal Dispatcher" daemon [_thread_blocked, id=4532, stack(0x000000122c100000,0x000000122c200000)]
  0x00000122b0f202f0 JavaThread "Attach Listener" daemon [_thread_blocked, id=12192, stack(0x000000122c200000,0x000000122c300000)]
  0x00000122b0f20cb0 JavaThread "Service Thread" daemon [_thread_blocked, id=13604, stack(0x000000122c300000,0x000000122c400000)]
  0x00000122b0f221e0 JavaThread "Monitor Deflation Thread" daemon [_thread_blocked, id=8596, stack(0x000000122c400000,0x000000122c500000)]
  0x00000122b0f28300 JavaThread "C2 CompilerThread0" daemon [_thread_blocked, id=3332, stack(0x000000122c500000,0x000000122c600000)]
  0x00000122b0f2b930 JavaThread "C1 CompilerThread0" daemon [_thread_blocked, id=11860, stack(0x000000122c600000,0x000000122c700000)]
  0x00000122b0f54f10 JavaThread "Sweeper thread" daemon [_thread_blocked, id=12392, stack(0x000000122c700000,0x000000122c800000)]
  0x00000122d01ac3f0 JavaThread "Common-Cleaner" daemon [_thread_blocked, id=12784, stack(0x000000122c800000,0x000000122c900000)]
  0x00000122d027a2b0 JavaThread "Notification Thread" daemon [_thread_blocked, id=3964, stack(0x000000122c900000,0x000000122ca00000)]
  0x00000122d1a34440 JavaThread "Daemon health stats" [_thread_blocked, id=14900, stack(0x000000122cf00000,0x000000122d000000)]
  0x00000122d054fa30 JavaThread "Incoming local TCP Connector on port 53329" [_thread_in_native, id=1920, stack(0x000000122d000000,0x000000122d100000)]
  0x00000122d04fb890 JavaThread "Daemon periodic checks" [_thread_blocked, id=1244, stack(0x000000122d100000,0x000000122d200000)]
  0x00000122d1973a30 JavaThread "Daemon" [_thread_blocked, id=11828, stack(0x000000122d200000,0x000000122d300000)]
  0x00000122d1974720 JavaThread "Handler for socket connection from /127.0.0.1:53329 to /127.0.0.1:53331" [_thread_in_native, id=4296, stack(0x000000122d300000,0x000000122d400000)]
  0x00000122d11703f0 JavaThread "Cancel handler" [_thread_blocked, id=14160, stack(0x000000122d400000,0x000000122d500000)]
  0x00000122d1170900 JavaThread "Daemon worker" [_thread_blocked, id=13688, stack(0x000000122d500000,0x000000122d600000)]
  0x00000122d1172760 JavaThread "Asynchronous log dispatcher for DefaultDaemonConnection: socket connection from /127.0.0.1:53329 to /127.0.0.1:53331" [_thread_blocked, id=14172, stack(0x000000122d600000,0x000000122d700000)]
  0x00000122d1170e10 JavaThread "Stdin handler" [_thread_blocked, id=8952, stack(0x000000122d700000,0x000000122d800000)]
  0x00000122d116f9d0 JavaThread "Daemon client event forwarder" [_thread_blocked, id=13476, stack(0x000000122d800000,0x000000122d900000)]
  0x00000122d1171830 JavaThread "Cache worker for journal cache (C:\Users\LENOVO YOGA\.gradle\caches\journal-1)" [_thread_blocked, id=5892, stack(0x000000122d900000,0x000000122da00000)]
  0x00000122d1171320 JavaThread "File lock request listener" [_thread_in_native, id=6952, stack(0x000000122da00000,0x000000122db00000)]
  0x00000122d1171d40 JavaThread "Cache worker for file hash cache (C:\Users\LENOVO YOGA\.gradle\caches\8.10.2\fileHashes)" [_thread_blocked, id=15248, stack(0x000000122db00000,0x000000122dc00000)]
  0x00000122d116efb0 JavaThread "Cache worker for file hash cache (C:\Users\LENOVO YOGA\opentelemetry-java2\.gradle\8.10.2\fileHashes)" [_thread_blocked, id=16420, stack(0x000000122dc00000,0x000000122dd00000)]
  0x00000122d1172250 JavaThread "Cache worker for Build Output Cleanup Cache (C:\Users\LENOVO YOGA\opentelemetry-java2\.gradle\buildOutputCleanup)" [_thread_blocked, id=16424, stack(0x000000122dd00000,0x000000122de00000)]
  0x00000122d116f4c0 JavaThread "Cache worker for Build Output Cleanup Cache (C:\Users\LENOVO YOGA\opentelemetry-java2\buildSrc\.gradle\buildOutputCleanup)" [_thread_blocked, id=16428, stack(0x000000122de00000,0x000000122df00000)]
  0x00000122d116fee0 JavaThread "File watcher server" daemon [_thread_in_native, id=16432, stack(0x000000122df00000,0x000000122e000000)]
  0x00000122d1bf6600 JavaThread "File watcher consumer" daemon [_thread_blocked, id=16436, stack(0x000000122e000000,0x000000122e100000)]
  0x00000122d1bf9db0 JavaThread "Cache worker for checksums cache (C:\Users\LENOVO YOGA\opentelemetry-java2\.gradle\8.10.2\checksums)" [_thread_blocked, id=16444, stack(0x000000122e100000,0x000000122e200000)]
  0x00000122d1bf7f50 JavaThread "Cache worker for file content cache (C:\Users\LENOVO YOGA\.gradle\caches\8.10.2\fileContent)" [_thread_blocked, id=16448, stack(0x000000122e200000,0x000000122e300000)]
  0x00000122d1bf7a40 JavaThread "Cache worker for cache directory md-rule (C:\Users\LENOVO YOGA\.gradle\caches\8.10.2\md-rule)" [_thread_blocked, id=16452, stack(0x000000122e300000,0x000000122e400000)]
  0x00000122d1bfa2c0 JavaThread "Cache worker for cache directory md-supplier (C:\Users\LENOVO YOGA\.gradle\caches\8.10.2\md-supplier)" [_thread_blocked, id=16456, stack(0x000000122e400000,0x000000122e500000)]
  0x00000122d1bf5be0 JavaThread "File lock release action executor" [_thread_blocked, id=16540, stack(0x000000122e600000,0x000000122e700000)]

Other Threads:
=>0x00000122b0eff900 VMThread "VM Thread" [stack: 0x000000122be00000,0x000000122bf00000] [id=8]
  0x000001229308d6b0 WatcherThread [stack: 0x000000122ca00000,0x000000122cb00000] [id=7568]
  0x00000122930e5bc0 GCTaskThread "GC Thread#0" [stack: 0x000000122b900000,0x000000122ba00000] [id=6064]
  0x00000122d02a9eb0 GCTaskThread "GC Thread#1" [stack: 0x000000122cb00000,0x000000122cc00000] [id=10524]
  0x00000122d04fec00 GCTaskThread "GC Thread#2" [stack: 0x000000122cc00000,0x000000122cd00000] [id=13884]
  0x00000122d08c1b90 GCTaskThread "GC Thread#3" [stack: 0x000000122cd00000,0x000000122ce00000] [id=14068]
  0x00000122930f58d0 ConcurrentGCThread "G1 Main Marker" [stack: 0x000000122ba00000,0x000000122bb00000] [id=8028]
  0x00000122930f61f0 ConcurrentGCThread "G1 Conc#0" [stack: 0x000000122bb00000,0x000000122bc00000] [id=8156]
  0x000001229312df10 ConcurrentGCThread "G1 Refine#0" [stack: 0x000000122bc00000,0x000000122bd00000] [id=9704]
  0x00000122d0a4f050 ConcurrentGCThread "G1 Refine#1" [stack: 0x000000122ce00000,0x000000122cf00000] [id=4192]
  0x00000122d35f8070 ConcurrentGCThread "G1 Refine#2" [stack: 0x000000122e500000,0x000000122e600000] [id=16504]
  0x000001229312ec10 ConcurrentGCThread "G1 Service" [stack: 0x000000122bd00000,0x000000122be00000] [id=14800]

Threads with active compile tasks:

VM state: at safepoint (normal execution)

VM Mutex/Monitor currently owned by a thread:  ([mutex/lock_event])
[0x0000012293089400] Threads_lock - owner thread: 0x00000122b0eff900
[0x00000122930896d0] Heap_lock - owner thread: 0x00000122d1170900

Heap address: 0x0000000088a00000, size: 1910 MB, Compressed Oops mode: 32-bit

CDS archive(s) mapped at: [0x00000122b1000000-0x00000122b1bb0000-0x00000122b1bb0000), size 12255232, SharedBaseAddress: 0x00000122b1000000, ArchiveRelocationMode: 1.
Compressed class space mapped at: 0x00000122b2000000-0x00000122cc000000, reserved size: 436207616
Narrow klass base: 0x00000122b1000000, Narrow klass shift: 0, Narrow klass range: 0x100000000

GC Precious Log:
 CPUs: 4 total, 4 available
 Memory: 7633M
 Large Page Support: Disabled
 NUMA Support: Disabled
 Compressed Oops: Enabled (32-bit)
 Heap Region Size: 1M
 Heap Min Capacity: 8M
 Heap Initial Capacity: 120M
 Heap Max Capacity: 1910M
 Pre-touch: Disabled
 Parallel Workers: 4
 Concurrent Workers: 1
 Concurrent Refinement Workers: 4
 Periodic GC: Disabled

Heap:
 garbage-first heap   total 128000K, used 71808K [0x0000000088a00000, 0x0000000100000000)
  region size 1024K, 2 young (2048K), 2 survivors (2048K)
 Metaspace       used 90440K, committed 91008K, reserved 557056K
  class space    used 11560K, committed 11840K, reserved 425984K

Heap Regions: E=young(eden), S=young(survivor), O=old, HS=humongous(starts), HC=humongous(continues), CS=collection set, F=free, OA=open archive, CA=closed archive, TAMS=top-at-mark-start (previous, next)
|   0|0x0000000088a00000, 0x0000000088b00000, 0x0000000088b00000|100%|HS|  |TAMS 0x0000000088b00000, 0x0000000088b00000| Complete 
|   1|0x0000000088b00000, 0x0000000088c00000, 0x0000000088c00000|100%|HC|  |TAMS 0x0000000088c00000, 0x0000000088c00000| Complete 
|   2|0x0000000088c00000, 0x0000000088d00000, 0x0000000088d00000|100%|HC|  |TAMS 0x0000000088d00000, 0x0000000088d00000| Complete 
|   3|0x0000000088d00000, 0x0000000088e00000, 0x0000000088e00000|100%|HC|  |TAMS 0x0000000088e00000, 0x0000000088e00000| Complete 
|   4|0x0000000088e00000, 0x0000000088f00000, 0x0000000088f00000|100%| O|  |TAMS 0x0000000088f00000, 0x0000000088f00000| Untracked 
|   5|0x0000000088f00000, 0x0000000089000000, 0x0000000089000000|100%| O|  |TAMS 0x0000000089000000, 0x0000000089000000| Untracked 
|   6|0x0000000089000000, 0x0000000089100000, 0x0000000089100000|100%| O|  |TAMS 0x0000000089100000, 0x0000000089100000| Untracked 
|   7|0x0000000089100000, 0x0000000089200000, 0x0000000089200000|100%| O|  |TAMS 0x0000000089200000, 0x0000000089200000| Untracked 
|   8|0x0000000089200000, 0x0000000089300000, 0x0000000089300000|100%|HS|  |TAMS 0x0000000089300000, 0x0000000089300000| Complete 
|   9|0x0000000089300000, 0x0000000089400000, 0x0000000089400000|100%| O|  |TAMS 0x0000000089400000, 0x0000000089400000| Untracked 
|  10|0x0000000089400000, 0x0000000089500000, 0x0000000089500000|100%| O|  |TAMS 0x0000000089500000, 0x0000000089500000| Untracked 
|  11|0x0000000089500000, 0x0000000089600000, 0x0000000089600000|100%| O|  |TAMS 0x0000000089600000, 0x0000000089600000| Untracked 
|  12|0x0000000089600000, 0x0000000089700000, 0x0000000089700000|100%| O|  |TAMS 0x0000000089700000, 0x0000000089700000| Untracked 
|  13|0x0000000089700000, 0x0000000089800000, 0x0000000089800000|100%| O|  |TAMS 0x0000000089800000, 0x0000000089800000| Untracked 
|  14|0x0000000089800000, 0x0000000089900000, 0x0000000089900000|100%| O|  |TAMS 0x0000000089900000, 0x0000000089900000| Untracked 
|  15|0x0000000089900000, 0x0000000089a00000, 0x0000000089a00000|100%| O|  |TAMS 0x0000000089a00000, 0x0000000089a00000| Untracked 
|  16|0x0000000089a00000, 0x0000000089b00000, 0x0000000089b00000|100%| O|  |TAMS 0x0000000089b00000, 0x0000000089b00000| Untracked 
|  17|0x0000000089b00000, 0x0000000089c00000, 0x0000000089c00000|100%| O|  |TAMS 0x0000000089c00000, 0x0000000089c00000| Untracked 
|  18|0x0000000089c00000, 0x0000000089d00000, 0x0000000089d00000|100%| O|  |TAMS 0x0000000089d00000, 0x0000000089d00000| Untracked 
|  19|0x0000000089d00000, 0x0000000089e00000, 0x0000000089e00000|100%| O|  |TAMS 0x0000000089e00000, 0x0000000089e00000| Untracked 
|  20|0x0000000089e00000, 0x0000000089f00000, 0x0000000089f00000|100%| O|  |TAMS 0x0000000089f00000, 0x0000000089f00000| Untracked 
|  21|0x0000000089f00000, 0x000000008a000000, 0x000000008a000000|100%| O|  |TAMS 0x000000008a000000, 0x000000008a000000| Untracked 
|  22|0x000000008a000000, 0x000000008a100000, 0x000000008a100000|100%| O|  |TAMS 0x000000008a100000, 0x000000008a100000| Untracked 
|  23|0x000000008a100000, 0x000000008a200000, 0x000000008a200000|100%| O|  |TAMS 0x000000008a200000, 0x000000008a200000| Untracked 
|  24|0x000000008a200000, 0x000000008a300000, 0x000000008a300000|100%| O|  |TAMS 0x000000008a300000, 0x000000008a300000| Untracked 
|  25|0x000000008a300000, 0x000000008a400000, 0x000000008a400000|100%| O|  |TAMS 0x000000008a400000, 0x000000008a400000| Untracked 
|  26|0x000000008a400000, 0x000000008a500000, 0x000000008a500000|100%| O|  |TAMS 0x000000008a500000, 0x000000008a500000| Untracked 
|  27|0x000000008a500000, 0x000000008a600000, 0x000000008a600000|100%| O|  |TAMS 0x000000008a600000, 0x000000008a600000| Untracked 
|  28|0x000000008a600000, 0x000000008a700000, 0x000000008a700000|100%| O|  |TAMS 0x000000008a700000, 0x000000008a700000| Untracked 
|  29|0x000000008a700000, 0x000000008a800000, 0x000000008a800000|100%| O|  |TAMS 0x000000008a800000, 0x000000008a800000| Untracked 
|  30|0x000000008a800000, 0x000000008a900000, 0x000000008a900000|100%| O|  |TAMS 0x000000008a900000, 0x000000008a900000| Untracked 
|  31|0x000000008a900000, 0x000000008aa00000, 0x000000008aa00000|100%|HS|  |TAMS 0x000000008aa00000, 0x000000008aa00000| Complete 
|  32|0x000000008aa00000, 0x000000008ab00000, 0x000000008ab00000|100%|HC|  |TAMS 0x000000008ab00000, 0x000000008ab00000| Complete 
|  33|0x000000008ab00000, 0x000000008ac00000, 0x000000008ac00000|100%|HC|  |TAMS 0x000000008ac00000, 0x000000008ac00000| Complete 
|  34|0x000000008ac00000, 0x000000008ad00000, 0x000000008ad00000|100%|HC|  |TAMS 0x000000008ad00000, 0x000000008ad00000| Complete 
|  35|0x000000008ad00000, 0x000000008ae00000, 0x000000008ae00000|100%|HC|  |TAMS 0x000000008ae00000, 0x000000008ae00000| Complete 
|  36|0x000000008ae00000, 0x000000008af00000, 0x000000008af00000|100%|HC|  |TAMS 0x000000008af00000, 0x000000008af00000| Complete 
|  37|0x000000008af00000, 0x000000008b000000, 0x000000008b000000|100%| O|  |TAMS 0x000000008b000000, 0x000000008b000000| Untracked 
|  38|0x000000008b000000, 0x000000008b100000, 0x000000008b100000|100%| O|  |TAMS 0x000000008b100000, 0x000000008b100000| Untracked 
|  39|0x000000008b100000, 0x000000008b200000, 0x000000008b200000|100%| O|  |TAMS 0x000000008b200000, 0x000000008b200000| Untracked 
|  40|0x000000008b200000, 0x000000008b300000, 0x000000008b300000|100%| O|  |TAMS 0x000000008b300000, 0x000000008b300000| Untracked 
|  41|0x000000008b300000, 0x000000008b400000, 0x000000008b400000|100%|HS|  |TAMS 0x000000008b400000, 0x000000008b400000| Complete 
|  42|0x000000008b400000, 0x000000008b500000, 0x000000008b500000|100%| O|  |TAMS 0x000000008b500000, 0x000000008b500000| Untracked 
|  43|0x000000008b500000, 0x000000008b600000, 0x000000008b600000|100%| O|  |TAMS 0x000000008b600000, 0x000000008b600000| Untracked 
|  44|0x000000008b600000, 0x000000008b700000, 0x000000008b700000|100%| O|  |TAMS 0x000000008b700000, 0x000000008b700000| Untracked 
|  45|0x000000008b700000, 0x000000008b800000, 0x000000008b800000|100%| O|  |TAMS 0x000000008b800000, 0x000000008b800000| Untracked 
|  46|0x000000008b800000, 0x000000008b900000, 0x000000008b900000|100%| O|  |TAMS 0x000000008b900000, 0x000000008b900000| Untracked 
|  47|0x000000008b900000, 0x000000008ba00000, 0x000000008ba00000|100%| O|  |TAMS 0x000000008ba00000, 0x000000008ba00000| Untracked 
|  48|0x000000008ba00000, 0x000000008bb00000, 0x000000008bb00000|100%| O|  |TAMS 0x000000008bb00000, 0x000000008bb00000| Untracked 
|  49|0x000000008bb00000, 0x000000008bc00000, 0x000000008bc00000|100%| O|  |TAMS 0x000000008bc00000, 0x000000008bc00000| Untracked 
|  50|0x000000008bc00000, 0x000000008bd00000, 0x000000008bd00000|100%| O|  |TAMS 0x000000008bd00000, 0x000000008bd00000| Untracked 
|  51|0x000000008bd00000, 0x000000008be00000, 0x000000008be00000|100%| O|  |TAMS 0x000000008be00000, 0x000000008be00000| Untracked 
|  52|0x000000008be00000, 0x000000008bf00000, 0x000000008bf00000|100%| O|  |TAMS 0x000000008bf00000, 0x000000008bf00000| Untracked 
|  53|0x000000008bf00000, 0x000000008c000000, 0x000000008c000000|100%| O|  |TAMS 0x000000008c000000, 0x000000008c000000| Untracked 
|  54|0x000000008c000000, 0x000000008c100000, 0x000000008c100000|100%| O|  |TAMS 0x000000008c100000, 0x000000008c100000| Untracked 
|  55|0x000000008c100000, 0x000000008c200000, 0x000000008c200000|100%| O|  |TAMS 0x000000008c200000, 0x000000008c200000| Untracked 
|  56|0x000000008c200000, 0x000000008c300000, 0x000000008c300000|100%| O|  |TAMS 0x000000008c300000, 0x000000008c300000| Untracked 
|  57|0x000000008c300000, 0x000000008c400000, 0x000000008c400000|100%| O|  |TAMS 0x000000008c400000, 0x000000008c400000| Untracked 
|  58|0x000000008c400000, 0x000000008c500000, 0x000000008c500000|100%| O|  |TAMS 0x000000008c500000, 0x000000008c500000| Untracked 
|  59|0x000000008c500000, 0x000000008c600000, 0x000000008c600000|100%| O|  |TAMS 0x000000008c528a00, 0x000000008c600000| Untracked 
|  60|0x000000008c600000, 0x000000008c700000, 0x000000008c700000|100%| O|  |TAMS 0x000000008c600000, 0x000000008c700000| Untracked 
|  61|0x000000008c700000, 0x000000008c800000, 0x000000008c800000|100%| O|  |TAMS 0x000000008c700000, 0x000000008c800000| Untracked 
|  62|0x000000008c800000, 0x000000008c900000, 0x000000008c900000|100%| O|  |TAMS 0x000000008c800000, 0x000000008c900000| Untracked 
|  63|0x000000008c900000, 0x000000008c955800, 0x000000008ca00000| 33%| O|  |TAMS 0x000000008c900000, 0x000000008c955800| Untracked 
|  64|0x000000008ca00000, 0x000000008ca00000, 0x000000008cb00000|  0%| F|  |TAMS 0x000000008ca00000, 0x000000008ca00000| Untracked 
|  65|0x000000008cb00000, 0x000000008cb00000, 0x000000008cc00000|  0%| F|  |TAMS 0x000000008cb00000, 0x000000008cb00000| Untracked 
|  66|0x000000008cc00000, 0x000000008cc00000, 0x000000008cd00000|  0%| F|  |TAMS 0x000000008cc00000, 0x000000008cc00000| Untracked 
|  67|0x000000008cd00000, 0x000000008cd00000, 0x000000008ce00000|  0%| F|  |TAMS 0x000000008cd00000, 0x000000008cd00000| Untracked 
|  68|0x000000008ce00000, 0x000000008ce00000, 0x000000008cf00000|  0%| F|  |TAMS 0x000000008ce00000, 0x000000008ce00000| Untracked 
|  69|0x000000008cf00000, 0x000000008cf00000, 0x000000008d000000|  0%| F|  |TAMS 0x000000008cf00000, 0x000000008cf00000| Untracked 
|  70|0x000000008d000000, 0x000000008d000000, 0x000000008d100000|  0%| F|  |TAMS 0x000000008d000000, 0x000000008d000000| Untracked 
|  71|0x000000008d100000, 0x000000008d100000, 0x000000008d200000|  0%| F|  |TAMS 0x000000008d100000, 0x000000008d100000| Untracked 
|  72|0x000000008d200000, 0x000000008d200000, 0x000000008d300000|  0%| F|  |TAMS 0x000000008d200000, 0x000000008d200000| Untracked 
|  73|0x000000008d300000, 0x000000008d300000, 0x000000008d400000|  0%| F|  |TAMS 0x000000008d300000, 0x000000008d300000| Untracked 
|  74|0x000000008d400000, 0x000000008d400000, 0x000000008d500000|  0%| F|  |TAMS 0x000000008d400000, 0x000000008d400000| Untracked 
|  75|0x000000008d500000, 0x000000008d500000, 0x000000008d600000|  0%| F|  |TAMS 0x000000008d500000, 0x000000008d500000| Untracked 
|  76|0x000000008d600000, 0x000000008d600000, 0x000000008d700000|  0%| F|  |TAMS 0x000000008d600000, 0x000000008d600000| Untracked 
|  77|0x000000008d700000, 0x000000008d700000, 0x000000008d800000|  0%| F|  |TAMS 0x000000008d700000, 0x000000008d700000| Untracked 
|  78|0x000000008d800000, 0x000000008d800000, 0x000000008d900000|  0%| F|  |TAMS 0x000000008d800000, 0x000000008d800000| Untracked 
|  79|0x000000008d900000, 0x000000008d900000, 0x000000008da00000|  0%| F|  |TAMS 0x000000008d900000, 0x000000008d900000| Untracked 
|  80|0x000000008da00000, 0x000000008da00000, 0x000000008db00000|  0%| F|  |TAMS 0x000000008da00000, 0x000000008da00000| Untracked 
|  81|0x000000008db00000, 0x000000008db00000, 0x000000008dc00000|  0%| F|  |TAMS 0x000000008db00000, 0x000000008db00000| Untracked 
|  82|0x000000008dc00000, 0x000000008dccaba0, 0x000000008dd00000| 79%| S|CS|TAMS 0x000000008dc00000, 0x000000008dc00000| Complete 
|  83|0x000000008dd00000, 0x000000008de00000, 0x000000008de00000|100%| S|CS|TAMS 0x000000008dd00000, 0x000000008dd00000| Complete 
|  84|0x000000008de00000, 0x000000008de00000, 0x000000008df00000|  0%| F|  |TAMS 0x000000008de00000, 0x000000008de00000| Untracked 
|  85|0x000000008df00000, 0x000000008df00000, 0x000000008e000000|  0%| F|  |TAMS 0x000000008df00000, 0x000000008df00000| Untracked 
|  86|0x000000008e000000, 0x000000008e000000, 0x000000008e100000|  0%| F|  |TAMS 0x000000008e000000, 0x000000008e000000| Untracked 
|  87|0x000000008e100000, 0x000000008e100000, 0x000000008e200000|  0%| F|  |TAMS 0x000000008e100000, 0x000000008e100000| Untracked 
|  88|0x000000008e200000, 0x000000008e200000, 0x000000008e300000|  0%| F|  |TAMS 0x000000008e200000, 0x000000008e200000| Untracked 
|  89|0x000000008e300000, 0x000000008e300000, 0x000000008e400000|  0%| F|  |TAMS 0x000000008e300000, 0x000000008e300000| Untracked 
|  90|0x000000008e400000, 0x000000008e400000, 0x000000008e500000|  0%| F|  |TAMS 0x000000008e400000, 0x000000008e400000| Untracked 
|  91|0x000000008e500000, 0x000000008e500000, 0x000000008e600000|  0%| F|  |TAMS 0x000000008e500000, 0x000000008e500000| Untracked 
|  92|0x000000008e600000, 0x000000008e600000, 0x000000008e700000|  0%| F|  |TAMS 0x000000008e600000, 0x000000008e600000| Untracked 
|  93|0x000000008e700000, 0x000000008e700000, 0x000000008e800000|  0%| F|  |TAMS 0x000000008e700000, 0x000000008e700000| Untracked 
|  94|0x000000008e800000, 0x000000008e800000, 0x000000008e900000|  0%| F|  |TAMS 0x000000008e800000, 0x000000008e800000| Untracked 
|  95|0x000000008e900000, 0x000000008e900000, 0x000000008ea00000|  0%| F|  |TAMS 0x000000008e900000, 0x000000008e900000| Untracked 
|  96|0x000000008ea00000, 0x000000008ea00000, 0x000000008eb00000|  0%| F|  |TAMS 0x000000008ea00000, 0x000000008ea00000| Untracked 
|  97|0x000000008eb00000, 0x000000008eb00000, 0x000000008ec00000|  0%| F|  |TAMS 0x000000008eb00000, 0x000000008eb00000| Untracked 
|  98|0x000000008ec00000, 0x000000008ec00000, 0x000000008ed00000|  0%| F|  |TAMS 0x000000008ec00000, 0x000000008ec00000| Untracked 
|  99|0x000000008ed00000, 0x000000008ed00000, 0x000000008ee00000|  0%| F|  |TAMS 0x000000008ed00000, 0x000000008ed00000| Untracked 
| 100|0x000000008ee00000, 0x000000008ee00000, 0x000000008ef00000|  0%| F|  |TAMS 0x000000008ee00000, 0x000000008ee00000| Untracked 
| 101|0x000000008ef00000, 0x000000008ef00000, 0x000000008f000000|  0%| F|  |TAMS 0x000000008ef00000, 0x000000008ef00000| Untracked 
| 102|0x000000008f000000, 0x000000008f000000, 0x000000008f100000|  0%| F|  |TAMS 0x000000008f000000, 0x000000008f000000| Untracked 
| 103|0x000000008f100000, 0x000000008f100000, 0x000000008f200000|  0%| F|  |TAMS 0x000000008f100000, 0x000000008f100000| Untracked 
| 104|0x000000008f200000, 0x000000008f200000, 0x000000008f300000|  0%| F|  |TAMS 0x000000008f200000, 0x000000008f200000| Untracked 
| 105|0x000000008f300000, 0x000000008f300000, 0x000000008f400000|  0%| F|  |TAMS 0x000000008f300000, 0x000000008f300000| Untracked 
| 106|0x000000008f400000, 0x000000008f400000, 0x000000008f500000|  0%| F|  |TAMS 0x000000008f400000, 0x000000008f400000| Untracked 
| 107|0x000000008f500000, 0x000000008f500000, 0x000000008f600000|  0%| F|  |TAMS 0x000000008f500000, 0x000000008f500000| Untracked 
| 108|0x000000008f600000, 0x000000008f600000, 0x000000008f700000|  0%| F|  |TAMS 0x000000008f600000, 0x000000008f600000| Untracked 
| 109|0x000000008f700000, 0x000000008f700000, 0x000000008f800000|  0%| F|  |TAMS 0x000000008f700000, 0x000000008f700000| Untracked 
| 110|0x000000008f800000, 0x000000008f800000, 0x000000008f900000|  0%| F|  |TAMS 0x000000008f800000, 0x000000008f800000| Untracked 
| 111|0x000000008f900000, 0x000000008f900000, 0x000000008fa00000|  0%| F|  |TAMS 0x000000008f900000, 0x000000008f900000| Untracked 
| 112|0x000000008fa00000, 0x000000008fa00000, 0x000000008fb00000|  0%| F|  |TAMS 0x000000008fa00000, 0x000000008fa00000| Untracked 
| 113|0x000000008fb00000, 0x000000008fb00000, 0x000000008fc00000|  0%| F|  |TAMS 0x000000008fb00000, 0x000000008fb00000| Untracked 
| 114|0x000000008fc00000, 0x000000008fc00000, 0x000000008fd00000|  0%| F|  |TAMS 0x000000008fc00000, 0x000000008fc00000| Untracked 
| 115|0x000000008fd00000, 0x000000008fd00000, 0x000000008fe00000|  0%| F|  |TAMS 0x000000008fd00000, 0x000000008fd00000| Untracked 
| 116|0x000000008fe00000, 0x000000008fe00000, 0x000000008ff00000|  0%| F|  |TAMS 0x000000008fe00000, 0x000000008fe00000| Untracked 
| 117|0x000000008ff00000, 0x000000008ff00000, 0x0000000090000000|  0%| F|  |TAMS 0x000000008ff00000, 0x000000008ff00000| Untracked 
| 118|0x0000000090000000, 0x0000000090000000, 0x0000000090100000|  0%| F|  |TAMS 0x0000000090000000, 0x0000000090000000| Untracked 
| 119|0x0000000090100000, 0x0000000090100000, 0x0000000090200000|  0%| F|  |TAMS 0x0000000090100000, 0x0000000090100000| Untracked 
|1905|0x00000000ffb00000, 0x00000000ffc00000, 0x00000000ffc00000|100%| O|  |TAMS 0x00000000ffc00000, 0x00000000ffc00000| Untracked 
|1906|0x00000000ffc00000, 0x00000000ffd00000, 0x00000000ffd00000|100%| O|  |TAMS 0x00000000ffd00000, 0x00000000ffd00000| Untracked 
|1907|0x00000000ffd00000, 0x00000000ffe00000, 0x00000000ffe00000|100%| O|  |TAMS 0x00000000ffe00000, 0x00000000ffe00000| Untracked 
|1908|0x00000000ffe00000, 0x00000000fff00000, 0x00000000fff00000|100%| O|  |TAMS 0x00000000fff00000, 0x00000000fff00000| Untracked 
|1909|0x00000000fff00000, 0x0000000100000000, 0x0000000100000000|100%| O|  |TAMS 0x0000000100000000, 0x0000000100000000| Untracked 

Card table byte_map: [0x00000122aa5c0000,0x00000122aa980000] _byte_map_base: 0x00000122aa17b000

Marking Bits (Prev, Next): (CMBitMap*) 0x00000122930e60e0, (CMBitMap*) 0x00000122930e6120
 Prev Bits: [0x00000122aad40000, 0x00000122acb18000)
 Next Bits: [0x00000122acb20000, 0x00000122ae8f8000)

Polling page: 0x0000012293130000

Metaspace:

Usage:
  Non-class:     77.03 MB used.
      Class:     11.29 MB used.
       Both:     88.32 MB used.

Virtual space:
  Non-class space:      128.00 MB reserved,      77.31 MB ( 60%) committed,  2 nodes.
      Class space:      416.00 MB reserved,      11.56 MB (  3%) committed,  1 nodes.
             Both:      544.00 MB reserved,      88.88 MB ( 16%) committed. 

Chunk freelists:
   Non-Class:  2.45 MB
       Class:  4.42 MB
        Both:  6.88 MB

MaxMetaspaceSize: 512.00 MB
CompressedClassSpaceSize: 416.00 MB
Initial GC threshold: 21.00 MB
Current GC threshold: 133.44 MB
CDS: on
MetaspaceReclaimPolicy: balanced
 - commit_granule_bytes: 65536.
 - commit_granule_words: 8192.
 - virtual_space_node_default_size: 8388608.
 - enlarge_chunks_in_place: 1.
 - new_chunks_are_fully_committed: 0.
 - uncommit_free_chunks: 1.
 - use_allocation_guard: 0.
 - handle_deallocations: 1.


Internal statistics:

num_allocs_failed_limit: 6.
num_arena_births: 588.
num_arena_deaths: 0.
num_vsnodes_births: 3.
num_vsnodes_deaths: 0.
num_space_committed: 1420.
num_space_uncommitted: 0.
num_chunks_returned_to_freelist: 6.
num_chunks_taken_from_freelist: 3678.
num_chunk_merges: 6.
num_chunk_splits: 2967.
num_chunks_enlarged: 2559.
num_inconsistent_stats: 0.

CodeHeap 'non-profiled nmethods': size=120000Kb used=3622Kb max_used=3622Kb free=116377Kb
 bounds [0x00000122a26a0000, 0x00000122a2a30000, 0x00000122a9bd0000]
CodeHeap 'profiled nmethods': size=120000Kb used=13544Kb max_used=13544Kb free=106455Kb
 bounds [0x000001229abd0000, 0x000001229b910000, 0x00000122a2100000]
CodeHeap 'non-nmethods': size=5760Kb used=1792Kb max_used=1828Kb free=3967Kb
 bounds [0x00000122a2100000, 0x00000122a2370000, 0x00000122a26a0000]
 total_blobs=7562 nmethods=6661 adapters=812
 compilation: enabled
              stopped_count=0, restarted_count=0
 full_count=0

Compilation events (20 events):
Event: 50.641 Thread 0x00000122b0f2b930 7525       3       org.jetbrains.kotlin.ir.visitors.IrElementVisitor$DefaultImpls::visitFunctionAccess (18 bytes)
Event: 50.643 Thread 0x00000122b0f2b930 nmethod 7525 0x000001229b904790 code [0x000001229b9049a0, 0x000001229b905008]
Event: 50.649 Thread 0x00000122b0f2b930 7527       3       org.jetbrains.kotlin.ir.visitors.IrElementVisitor$DefaultImpls::visitConst (18 bytes)
Event: 50.650 Thread 0x00000122b0f2b930 nmethod 7527 0x000001229b905290 code [0x000001229b9054a0, 0x000001229b905b08]
Event: 50.651 Thread 0x00000122b0f2b930 7528       3       org.jetbrains.kotlin.ir.visitors.IrElementVisitorVoid$DefaultImpls::visitValueParameter (17 bytes)
Event: 50.652 Thread 0x00000122b0f2b930 nmethod 7528 0x000001229b905d90 code [0x000001229b905fa0, 0x000001229b9065e8]
Event: 50.652 Thread 0x00000122b0f2b930 7529       3       org.jetbrains.kotlin.backend.common.ClassLoweringVisitor::visitCall (13 bytes)
Event: 50.654 Thread 0x00000122b0f2b930 nmethod 7529 0x000001229b906890 code [0x000001229b906b80, 0x000001229b907998]
Event: 50.654 Thread 0x00000122b0f2b930 7530       3       org.jetbrains.kotlin.backend.common.ClassLoweringVisitor::visitCall (7 bytes)
Event: 50.656 Thread 0x00000122b0f2b930 nmethod 7530 0x000001229b907e90 code [0x000001229b908160, 0x000001229b908e18]
Event: 50.667 Thread 0x00000122b0f2b930 7531       3       org.jetbrains.kotlin.ir.visitors.IrElementVisitorVoid$DefaultImpls::visitContainerExpression (17 bytes)
Event: 50.668 Thread 0x00000122b0f2b930 nmethod 7531 0x000001229b909310 code [0x000001229b909520, 0x000001229b909b68]
Event: 50.815 Thread 0x00000122b0f2b930 7532       1       org.jetbrains.kotlin.ir.declarations.impl.IrConstructorImpl::getOrigin (5 bytes)
Event: 50.815 Thread 0x00000122b0f2b930 nmethod 7532 0x00000122a2a29190 code [0x00000122a2a29320, 0x00000122a2a293f8]
Event: 51.372 Thread 0x00000122b0f2b930 7533       1       org.jetbrains.kotlin.ir.declarations.impl.IrValueParameterImpl::getOrigin (5 bytes)
Event: 51.373 Thread 0x00000122b0f2b930 nmethod 7533 0x00000122a2a29490 code [0x00000122a2a29620, 0x00000122a2a296f8]
Event: 51.401 Thread 0x00000122b0f2b930 7534       1       org.jetbrains.kotlin.ir.declarations.impl.IrClassImpl::getName (5 bytes)
Event: 51.401 Thread 0x00000122b0f2b930 nmethod 7534 0x00000122a2a29790 code [0x00000122a2a29920, 0x00000122a2a299f8]
Event: 51.426 Thread 0x00000122b0f2b930 7535       3       org.jetbrains.kotlin.ir.types.impl.IrSimpleTypeBuilder::setNullability (12 bytes)
Event: 51.427 Thread 0x00000122b0f2b930 nmethod 7535 0x000001229b909e10 code [0x000001229b90a020, 0x000001229b90a618]

GC Heap History (20 events):
Event: 32.786 GC heap after
{Heap after GC invocations=19 (full 0):
 garbage-first heap   total 109568K, used 53137K [0x0000000088a00000, 0x0000000100000000)
  region size 1024K, 2 young (2048K), 2 survivors (2048K)
 Metaspace       used 56250K, committed 56832K, reserved 491520K
  class space    used 7938K, committed 8192K, reserved 425984K
}
Event: 34.498 GC heap before
{Heap before GC invocations=20 (full 0):
 garbage-first heap   total 109568K, used 87953K [0x0000000088a00000, 0x0000000100000000)
  region size 1024K, 35 young (35840K), 2 survivors (2048K)
 Metaspace       used 59588K, committed 60096K, reserved 491520K
  class space    used 8275K, committed 8512K, reserved 425984K
}
Event: 34.505 GC heap after
{Heap after GC invocations=21 (full 0):
 garbage-first heap   total 109568K, used 56556K [0x0000000088a00000, 0x0000000100000000)
  region size 1024K, 4 young (4096K), 4 survivors (4096K)
 Metaspace       used 59588K, committed 60096K, reserved 491520K
  class space    used 8275K, committed 8512K, reserved 425984K
}
Event: 35.853 GC heap before
{Heap before GC invocations=21 (full 0):
 garbage-first heap   total 109568K, used 88300K [0x0000000088a00000, 0x0000000100000000)
  region size 1024K, 35 young (35840K), 4 survivors (4096K)
 Metaspace       used 63386K, committed 63936K, reserved 491520K
  class space    used 8606K, committed 8896K, reserved 425984K
}
Event: 35.864 GC heap after
{Heap after GC invocations=22 (full 0):
 garbage-first heap   total 109568K, used 57974K [0x0000000088a00000, 0x0000000100000000)
  region size 1024K, 2 young (2048K), 2 survivors (2048K)
 Metaspace       used 63386K, committed 63936K, reserved 491520K
  class space    used 8606K, committed 8896K, reserved 425984K
}
Event: 38.530 GC heap before
{Heap before GC invocations=23 (full 0):
 garbage-first heap   total 109568K, used 88694K [0x0000000088a00000, 0x0000000100000000)
  region size 1024K, 32 young (32768K), 2 survivors (2048K)
 Metaspace       used 66717K, committed 67264K, reserved 491520K
  class space    used 9015K, committed 9280K, reserved 425984K
}
Event: 38.541 GC heap after
{Heap after GC invocations=24 (full 0):
 garbage-first heap   total 109568K, used 59838K [0x0000000088a00000, 0x0000000100000000)
  region size 1024K, 4 young (4096K), 4 survivors (4096K)
 Metaspace       used 66717K, committed 67264K, reserved 491520K
  class space    used 9015K, committed 9280K, reserved 425984K
}
Event: 40.233 GC heap before
{Heap before GC invocations=24 (full 0):
 garbage-first heap   total 109568K, used 83390K [0x0000000088a00000, 0x0000000100000000)
  region size 1024K, 28 young (28672K), 4 survivors (4096K)
 Metaspace       used 70258K, committed 70784K, reserved 491520K
  class space    used 9469K, committed 9728K, reserved 425984K
}
Event: 40.248 GC heap after
{Heap after GC invocations=25 (full 0):
 garbage-first heap   total 109568K, used 61018K [0x0000000088a00000, 0x0000000100000000)
  region size 1024K, 4 young (4096K), 4 survivors (4096K)
 Metaspace       used 70258K, committed 70784K, reserved 491520K
  class space    used 9469K, committed 9728K, reserved 425984K
}
Event: 41.870 GC heap before
{Heap before GC invocations=26 (full 0):
 garbage-first heap   total 124928K, used 91738K [0x0000000088a00000, 0x0000000100000000)
  region size 1024K, 33 young (33792K), 4 survivors (4096K)
 Metaspace       used 70929K, committed 71424K, reserved 491520K
  class space    used 9543K, committed 9792K, reserved 425984K
}
Event: 41.890 GC heap after
{Heap after GC invocations=27 (full 0):
 garbage-first heap   total 124928K, used 62510K [0x0000000088a00000, 0x0000000100000000)
  region size 1024K, 3 young (3072K), 3 survivors (3072K)
 Metaspace       used 70929K, committed 71424K, reserved 491520K
  class space    used 9543K, committed 9792K, reserved 425984K
}
Event: 44.128 GC heap before
{Heap before GC invocations=27 (full 0):
 garbage-first heap   total 124928K, used 101422K [0x0000000088a00000, 0x0000000100000000)
  region size 1024K, 41 young (41984K), 3 survivors (3072K)
 Metaspace       used 72936K, committed 73408K, reserved 491520K
  class space    used 9747K, committed 9984K, reserved 425984K
}
Event: 44.144 GC heap after
{Heap after GC invocations=28 (full 0):
 garbage-first heap   total 124928K, used 65961K [0x0000000088a00000, 0x0000000100000000)
  region size 1024K, 6 young (6144K), 6 survivors (6144K)
 Metaspace       used 72936K, committed 73408K, reserved 491520K
  class space    used 9747K, committed 9984K, reserved 425984K
}
Event: 46.403 GC heap before
{Heap before GC invocations=29 (full 0):
 garbage-first heap   total 124928K, used 101801K [0x0000000088a00000, 0x0000000100000000)
  region size 1024K, 41 young (41984K), 6 survivors (6144K)
 Metaspace       used 77268K, committed 77824K, reserved 557056K
  class space    used 10197K, committed 10432K, reserved 425984K
}
Event: 46.421 GC heap after
{Heap after GC invocations=30 (full 0):
 garbage-first heap   total 124928K, used 68120K [0x0000000088a00000, 0x0000000100000000)
  region size 1024K, 3 young (3072K), 3 survivors (3072K)
 Metaspace       used 77268K, committed 77824K, reserved 557056K
  class space    used 10197K, committed 10432K, reserved 425984K
}
Event: 48.052 GC heap before
{Heap before GC invocations=30 (full 0):
 garbage-first heap   total 124928K, used 101912K [0x0000000088a00000, 0x0000000100000000)
  region size 1024K, 36 young (36864K), 3 survivors (3072K)
 Metaspace       used 80882K, committed 81408K, reserved 557056K
  class space    used 10582K, committed 10816K, reserved 425984K
}
Event: 48.063 GC heap after
{Heap after GC invocations=31 (full 0):
 garbage-first heap   total 124928K, used 70200K [0x0000000088a00000, 0x0000000100000000)
  region size 1024K, 5 young (5120K), 5 survivors (5120K)
 Metaspace       used 80882K, committed 81408K, reserved 557056K
  class space    used 10582K, committed 10816K, reserved 425984K
}
Event: 49.490 GC heap before
{Heap before GC invocations=32 (full 0):
 garbage-first heap   total 128000K, used 101944K [0x0000000088a00000, 0x0000000100000000)
  region size 1024K, 36 young (36864K), 5 survivors (5120K)
 Metaspace       used 85185K, committed 85696K, reserved 557056K
  class space    used 11023K, committed 11264K, reserved 425984K
}
Event: 49.503 GC heap after
{Heap after GC invocations=33 (full 0):
 garbage-first heap   total 128000K, used 71223K [0x0000000088a00000, 0x0000000100000000)
  region size 1024K, 2 young (2048K), 2 survivors (2048K)
 Metaspace       used 85185K, committed 85696K, reserved 557056K
  class space    used 11023K, committed 11264K, reserved 425984K
}
Event: 51.442 GC heap before
{Heap before GC invocations=33 (full 0):
 garbage-first heap   total 128000K, used 106039K [0x0000000088a00000, 0x0000000100000000)
  region size 1024K, 36 young (36864K), 2 survivors (2048K)
 Metaspace       used 90440K, committed 91008K, reserved 557056K
  class space    used 11560K, committed 11840K, reserved 425984K
}

Dll operation events (15 events):
Event: 0.073 Loaded shared library C:\Program Files\RedHat\java-17-openjdk-17.0.13.0.11-1\bin\java.dll
Event: 0.735 Loaded shared library C:\Program Files\RedHat\java-17-openjdk-17.0.13.0.11-1\bin\jsvml.dll
Event: 0.886 Loaded shared library C:\Program Files\RedHat\java-17-openjdk-17.0.13.0.11-1\bin\zip.dll
Event: 0.900 Loaded shared library C:\Program Files\RedHat\java-17-openjdk-17.0.13.0.11-1\bin\instrument.dll
Event: 0.915 Loaded shared library C:\Program Files\RedHat\java-17-openjdk-17.0.13.0.11-1\bin\net.dll
Event: 0.920 Loaded shared library C:\Program Files\RedHat\java-17-openjdk-17.0.13.0.11-1\bin\nio.dll
Event: 0.927 Loaded shared library C:\Program Files\RedHat\java-17-openjdk-17.0.13.0.11-1\bin\zip.dll
Event: 2.001 Loaded shared library C:\Program Files\RedHat\java-17-openjdk-17.0.13.0.11-1\bin\jimage.dll
Event: 2.685 Loaded shared library C:\Program Files\RedHat\java-17-openjdk-17.0.13.0.11-1\bin\verify.dll
Event: 3.186 Loaded shared library C:\Users\LENOVO YOGA\.gradle\native\c067742578af261105cb4f569cf0c3c89f3d7b1fecec35dd04571415982c5e48\windows-amd64\native-platform.dll
Event: 3.219 Loaded shared library C:\Users\LENOVO YOGA\.gradle\native\100fb08df4bc3b14c8652ba06237920a3bd2aa13389f12d3474272988ae205f9\windows-amd64\native-platform-file-events.dll
Event: 9.126 Loaded shared library C:\Program Files\RedHat\java-17-openjdk-17.0.13.0.11-1\bin\management.dll
Event: 9.131 Loaded shared library C:\Program Files\RedHat\java-17-openjdk-17.0.13.0.11-1\bin\management_ext.dll
Event: 10.010 Loaded shared library C:\Program Files\RedHat\java-17-openjdk-17.0.13.0.11-1\bin\extnet.dll
Event: 11.562 Loaded shared library C:\Program Files\RedHat\java-17-openjdk-17.0.13.0.11-1\bin\sunmscapi.dll

Deoptimization events (20 events):
Event: 50.433 Thread 0x00000122d1170900 Uncommon trap: trap_request=0xffffff45 fr.pc=0x00000122a26df5d4 relative=0x0000000000000234
Event: 50.433 Thread 0x00000122d1170900 Uncommon trap: reason=unstable_if action=reinterpret pc=0x00000122a26df5d4 method=org.jetbrains.kotlin.name.Name.hashCode()I @ 16 c2
Event: 50.433 Thread 0x00000122d1170900 DEOPT PACKING pc=0x00000122a26df5d4 sp=0x000000122d5f4130
Event: 50.433 Thread 0x00000122d1170900 DEOPT UNPACKING pc=0x00000122a215699d sp=0x000000122d5f40d0 mode 2
Event: 50.886 Thread 0x00000122d1170900 Uncommon trap: trap_request=0xffffffc6 fr.pc=0x00000122a27c6fa0 relative=0x0000000000001700
Event: 50.886 Thread 0x00000122d1170900 Uncommon trap: reason=bimorphic_or_optimized_type_check action=maybe_recompile pc=0x00000122a27c6fa0 method=gnu.trove.TObjectHash.insertionIndex(Ljava/lang/Object;)I @ 13 c2
Event: 50.886 Thread 0x00000122d1170900 DEOPT PACKING pc=0x00000122a27c6fa0 sp=0x000000122d5f5a20
Event: 50.886 Thread 0x00000122d1170900 DEOPT UNPACKING pc=0x00000122a215699d sp=0x000000122d5f59d0 mode 2
Event: 50.886 Thread 0x00000122d1170900 Uncommon trap: trap_request=0xffffffc6 fr.pc=0x00000122a27c6fa0 relative=0x0000000000001700
Event: 50.886 Thread 0x00000122d1170900 Uncommon trap: reason=bimorphic_or_optimized_type_check action=maybe_recompile pc=0x00000122a27c6fa0 method=gnu.trove.TObjectHash.insertionIndex(Ljava/lang/Object;)I @ 13 c2
Event: 50.886 Thread 0x00000122d1170900 DEOPT PACKING pc=0x00000122a27c6fa0 sp=0x000000122d5f5a20
Event: 50.886 Thread 0x00000122d1170900 DEOPT UNPACKING pc=0x00000122a215699d sp=0x000000122d5f59d0 mode 2
Event: 50.886 Thread 0x00000122d1170900 Uncommon trap: trap_request=0xffffffc6 fr.pc=0x00000122a27c6dec relative=0x000000000000154c
Event: 50.886 Thread 0x00000122d1170900 Uncommon trap: reason=bimorphic_or_optimized_type_check action=maybe_recompile pc=0x00000122a27c6dec method=gnu.trove.TObjectHash.insertionIndex(Ljava/lang/Object;)I @ 30 c2
Event: 50.886 Thread 0x00000122d1170900 DEOPT PACKING pc=0x00000122a27c6dec sp=0x000000122d5f5a20
Event: 50.886 Thread 0x00000122d1170900 DEOPT UNPACKING pc=0x00000122a215699d sp=0x000000122d5f59d0 mode 2
Event: 50.886 Thread 0x00000122d1170900 Uncommon trap: trap_request=0xffffffc6 fr.pc=0x00000122a27c6dec relative=0x000000000000154c
Event: 50.886 Thread 0x00000122d1170900 Uncommon trap: reason=bimorphic_or_optimized_type_check action=maybe_recompile pc=0x00000122a27c6dec method=gnu.trove.TObjectHash.insertionIndex(Ljava/lang/Object;)I @ 30 c2
Event: 50.886 Thread 0x00000122d1170900 DEOPT PACKING pc=0x00000122a27c6dec sp=0x000000122d5f5a20
Event: 50.886 Thread 0x00000122d1170900 DEOPT UNPACKING pc=0x00000122a215699d sp=0x000000122d5f59d0 mode 2

Classes loaded (20 events):
Event: 31.023 Loading class sun/nio/ch/ChannelInputStream
Event: 31.023 Loading class sun/nio/ch/ChannelInputStream done
Event: 36.249 Loading class java/util/ArrayList$ListItr
Event: 36.249 Loading class java/util/ArrayList$ListItr done
Event: 37.054 Loading class java/text/StringCharacterIterator
Event: 37.056 Loading class java/text/CharacterIterator
Event: 37.057 Loading class java/text/CharacterIterator done
Event: 37.057 Loading class java/text/StringCharacterIterator done
Event: 37.230 Loading class java/io/NotSerializableException
Event: 37.230 Loading class java/io/NotSerializableException done
Event: 37.398 Loading class java/util/AbstractList$ListItr
Event: 37.399 Loading class java/util/AbstractList$ListItr done
Event: 38.997 Loading class java/util/function/IntUnaryOperator
Event: 38.997 Loading class java/util/function/IntUnaryOperator done
Event: 39.162 Loading class java/util/AbstractList$SubList
Event: 39.163 Loading class java/util/AbstractList$SubList done
Event: 39.163 Loading class java/util/AbstractList$SubList$1
Event: 39.163 Loading class java/util/AbstractList$SubList$1 done
Event: 44.196 Loading class java/util/AbstractList$RandomAccessSubList
Event: 44.196 Loading class java/util/AbstractList$RandomAccessSubList done

Classes unloaded (0 events):
No events

Classes redefined (0 events):
No events

Internal exceptions (20 events):
Event: 27.905 Thread 0x00000122d1170900 Exception <a 'java/lang/NoSuchMethodError'{0x000000008c428f78}: 'long java.lang.invoke.DirectMethodHandle$Holder.invokeStaticInit(java.lang.Object)'> (0x000000008c428f78) 
thrown [s\src\hotspot\share\interpreter\linkResolver.cpp, line 759]
Event: 28.122 Thread 0x00000122d1170900 Exception <a 'java/lang/NoSuchMethodError'{0x000000008bf61728}: 'long java.lang.invoke.Invokers$Holder.invoke_MT(java.lang.Object, java.lang.Object, java.lang.Object, java.lang.Object)'> (0x000000008bf61728) 
thrown [s\src\hotspot\share\interpreter\linkResolver.cpp, line 759]
Event: 28.124 Thread 0x00000122d1170900 Exception <a 'java/lang/NoSuchMethodError'{0x000000008bf6aad0}: 'int java.lang.invoke.Invokers$Holder.invoke_MT(java.lang.Object, java.lang.Object, java.lang.Object, java.lang.Object)'> (0x000000008bf6aad0) 
thrown [s\src\hotspot\share\interpreter\linkResolver.cpp, line 759]
Event: 28.128 Thread 0x00000122d1170900 Exception <a 'java/lang/NoSuchMethodError'{0x000000008bf7b290}: 'void java.lang.invoke.DelegatingMethodHandle$Holder.reinvoke_L(java.lang.Object, java.lang.Object, java.lang.Object, long, java.lang.Object)'> (0x000000008bf7b290) 
thrown [s\src\hotspot\share\interpreter\linkResolver.cpp, line 759]
Event: 28.133 Thread 0x00000122d1170900 Exception <a 'java/lang/NoSuchMethodError'{0x000000008bf83e20}: 'java.lang.Object java.lang.invoke.DirectMethodHandle$Holder.invokeSpecial(java.lang.Object, java.lang.Object, java.lang.Object, java.lang.Object, long)'> (0x000000008bf83e20) 
thrown [s\src\hotspot\share\interpreter\linkResolver.cpp, line 759]
Event: 28.138 Thread 0x00000122d1170900 Exception <a 'java/lang/NoSuchMethodError'{0x000000008bf945f0}: 'int java.lang.invoke.DelegatingMethodHandle$Holder.reinvoke_L(java.lang.Object, java.lang.Object, java.lang.Object, long, java.lang.Object, java.lang.Object)'> (0x000000008bf945f0) 
thrown [s\src\hotspot\share\interpreter\linkResolver.cpp, line 759]
Event: 28.141 Thread 0x00000122d1170900 Exception <a 'java/lang/NoSuchMethodError'{0x000000008bfa46c0}: 'int java.lang.invoke.DelegatingMethodHandle$Holder.reinvoke_L(java.lang.Object, java.lang.Object, java.lang.Object, long, int, int)'> (0x000000008bfa46c0) 
thrown [s\src\hotspot\share\interpreter\linkResolver.cpp, line 759]
Event: 28.144 Thread 0x00000122d1170900 Exception <a 'java/lang/NoSuchMethodError'{0x000000008bfb4538}: 'int java.lang.invoke.DelegatingMethodHandle$Holder.reinvoke_L(java.lang.Object, java.lang.Object, java.lang.Object, long, long, long)'> (0x000000008bfb4538) 
thrown [s\src\hotspot\share\interpreter\linkResolver.cpp, line 759]
Event: 28.145 Thread 0x00000122d1170900 Exception <a 'java/lang/NoSuchMethodError'{0x000000008bfc4090}: 'int java.lang.invoke.DelegatingMethodHandle$Holder.reinvoke_L(java.lang.Object, java.lang.Object, java.lang.Object, long, int)'> (0x000000008bfc4090) 
thrown [s\src\hotspot\share\interpreter\linkResolver.cpp, line 759]
Event: 29.808 Thread 0x00000122d1170900 Exception <a 'java/lang/NoSuchMethodError'{0x00000000901723c8}: 'java.lang.Object java.lang.invoke.Invokers$Holder.invokeExact_MT(java.lang.Object, java.lang.Object, long, java.lang.Object)'> (0x00000000901723c8) 
thrown [s\src\hotspot\share\interpreter\linkResolver.cpp, line 759]
Event: 29.941 Thread 0x00000122d1170900 Exception <a 'java/lang/NoSuchMethodError'{0x000000008dbe00a8}: 'java.lang.Object java.lang.invoke.Invokers$Holder.invoke_MT(java.lang.Object, java.lang.Object, java.lang.Object)'> (0x000000008dbe00a8) 
thrown [s\src\hotspot\share\interpreter\linkResolver.cpp, line 759]
Event: 36.343 Thread 0x00000122d1170900 Exception <a 'java/lang/NoSuchMethodError'{0x000000008e9a79b0}: 'java.lang.Object java.lang.invoke.DirectMethodHandle$Holder.newInvokeSpecial(java.lang.Object, java.lang.Object, java.lang.Object, int)'> (0x000000008e9a79b0) 
thrown [s\src\hotspot\share\interpreter\linkResolver.cpp, line 759]
Event: 36.344 Thread 0x00000122d1170900 Exception <a 'java/lang/NoSuchMethodError'{0x000000008e9ad530}: 'java.lang.Object java.lang.invoke.DirectMethodHandle$Holder.invokeSpecial(java.lang.Object, java.lang.Object, java.lang.Object, java.lang.Object, int)'> (0x000000008e9ad530) 
thrown [s\src\hotspot\share\interpreter\linkResolver.cpp, line 759]
Event: 36.344 Thread 0x00000122d1170900 Exception <a 'java/lang/NoSuchMethodError'{0x000000008e9b2898}: 'java.lang.Object java.lang.invoke.Invokers$Holder.linkToTargetMethod(java.lang.Object, java.lang.Object, int, java.lang.Object)'> (0x000000008e9b2898) 
thrown [s\src\hotspot\share\interpreter\linkResolver.cpp, line 759]
Event: 36.382 Thread 0x00000122d1170900 Implicit null exception at 0x00000122a284a06c to 0x00000122a284a120
Event: 39.250 Thread 0x00000122d1170900 Exception <a 'java/lang/NoSuchMethodError'{0x000000008e474630}: 'java.lang.Object java.lang.invoke.DirectMethodHandle$Holder.invokeStatic(java.lang.Object, java.lang.Object, java.lang.Object, java.lang.Object, int)'> (0x000000008e474630) 
thrown [s\src\hotspot\share\interpreter\linkResolver.cpp, line 759]
Event: 39.258 Thread 0x00000122d1170900 Exception <a 'java/lang/NoSuchMethodError'{0x000000008e47f310}: 'java.lang.Object java.lang.invoke.DirectMethodHandle$Holder.newInvokeSpecial(java.lang.Object, java.lang.Object, java.lang.Object, java.lang.Object, int)'> (0x000000008e47f310) 
thrown [s\src\hotspot\share\interpreter\linkResolver.cpp, line 759]
Event: 39.260 Thread 0x00000122d1170900 Exception <a 'java/lang/NoSuchMethodError'{0x000000008e4852f8}: 'java.lang.Object java.lang.invoke.DirectMethodHandle$Holder.invokeSpecial(java.lang.Object, java.lang.Object, java.lang.Object, java.lang.Object, java.lang.Object, int)'> (0x000000008e4852f8) 
thrown [s\src\hotspot\share\interpreter\linkResolver.cpp, line 759]
Event: 39.261 Thread 0x00000122d1170900 Exception <a 'java/lang/NoSuchMethodError'{0x000000008e48aa28}: 'java.lang.Object java.lang.invoke.Invokers$Holder.linkToTargetMethod(java.lang.Object, java.lang.Object, java.lang.Object, int, java.lang.Object)'> (0x000000008e48aa28) 
thrown [s\src\hotspot\share\interpreter\linkResolver.cpp, line 759]
Event: 47.420 Thread 0x00000122d1170900 Exception <a 'java/lang/NoSuchMethodError'{0x000000008e9d5740}: 'java.lang.Object java.lang.invoke.DirectMethodHandle$Holder.newInvokeSpecial(java.lang.Object, java.lang.Object, java.lang.Object, int, int, java.lang.Object, java.lang.Object)'> (0x000000008e9d5740) 
thrown [s\src\hotspot\share\interpreter\linkResolver.cpp, line 759]

VM Operations (20 events):
Event: 48.392 Executing VM operation: G1PauseCleanup done
Event: 48.541 Executing VM operation: HandshakeAllThreads
Event: 48.542 Executing VM operation: HandshakeAllThreads done
Event: 48.807 Executing VM operation: HandshakeAllThreads
Event: 48.808 Executing VM operation: HandshakeAllThreads done
Event: 48.811 Executing VM operation: HandshakeAllThreads
Event: 48.811 Executing VM operation: HandshakeAllThreads done
Event: 49.490 Executing VM operation: G1CollectForAllocation
Event: 49.503 Executing VM operation: G1CollectForAllocation done
Event: 49.860 Executing VM operation: HandshakeAllThreads
Event: 49.860 Executing VM operation: HandshakeAllThreads done
Event: 49.860 Executing VM operation: HandshakeAllThreads
Event: 49.860 Executing VM operation: HandshakeAllThreads done
Event: 50.303 Executing VM operation: ICBufferFull
Event: 50.303 Executing VM operation: ICBufferFull done
Event: 50.538 Executing VM operation: HandshakeAllThreads
Event: 50.538 Executing VM operation: HandshakeAllThreads done
Event: 50.752 Executing VM operation: HandshakeAllThreads
Event: 50.752 Executing VM operation: HandshakeAllThreads done
Event: 51.442 Executing VM operation: G1CollectForAllocation

Memory protections (0 events):
No events

Nmethod flushes (20 events):
Event: 35.512 Thread 0x00000122b0f54f10 flushing  nmethod 0x000001229b4c3210
Event: 35.512 Thread 0x00000122b0f54f10 flushing  nmethod 0x000001229b4e6490
Event: 35.512 Thread 0x00000122b0f54f10 flushing  nmethod 0x000001229b4e6c90
Event: 35.512 Thread 0x00000122b0f54f10 flushing  nmethod 0x000001229b4e7710
Event: 35.512 Thread 0x00000122b0f54f10 flushing  nmethod 0x000001229b4e8510
Event: 35.512 Thread 0x00000122b0f54f10 flushing  nmethod 0x000001229b4e8810
Event: 35.512 Thread 0x00000122b0f54f10 flushing  nmethod 0x000001229b4e8c10
Event: 35.512 Thread 0x00000122b0f54f10 flushing  nmethod 0x000001229b4e9390
Event: 35.512 Thread 0x00000122b0f54f10 flushing  nmethod 0x000001229b4e9b10
Event: 35.512 Thread 0x00000122b0f54f10 flushing  nmethod 0x000001229b4ea390
Event: 35.512 Thread 0x00000122b0f54f10 flushing  nmethod 0x000001229b4ea790
Event: 35.512 Thread 0x00000122b0f54f10 flushing  nmethod 0x000001229b4ead90
Event: 35.512 Thread 0x00000122b0f54f10 flushing  nmethod 0x000001229b4ee090
Event: 35.512 Thread 0x00000122b0f54f10 flushing  nmethod 0x000001229b4efb10
Event: 35.512 Thread 0x00000122b0f54f10 flushing  nmethod 0x000001229b4f3190
Event: 35.512 Thread 0x00000122b0f54f10 flushing  nmethod 0x000001229b4f5090
Event: 35.512 Thread 0x00000122b0f54f10 flushing  nmethod 0x000001229b504310
Event: 35.512 Thread 0x00000122b0f54f10 flushing  nmethod 0x000001229b538090
Event: 49.873 Thread 0x00000122b0f54f10 flushing  nmethod 0x000001229b3dda10
Event: 49.875 Thread 0x00000122b0f54f10 flushing  nmethod 0x000001229b4f1510

Events (20 events):
Event: 11.667 Thread 0x00000122d054fa30 Thread added: 0x00000122d1973a30
Event: 11.676 Thread 0x00000122d1973a30 Thread added: 0x00000122d1974720
Event: 11.835 Thread 0x00000122d1973a30 Thread added: 0x00000122d11703f0
Event: 11.875 Thread 0x00000122d1973a30 Thread added: 0x00000122d1170900
Event: 11.905 Thread 0x00000122d1170900 Thread added: 0x00000122d1172760
Event: 12.002 Thread 0x00000122d1170900 Thread added: 0x00000122d1170e10
Event: 12.023 Thread 0x00000122d1170900 Thread added: 0x00000122d116f9d0
Event: 13.815 Thread 0x00000122d1170900 Thread added: 0x00000122d1171830
Event: 13.851 Thread 0x00000122d1170900 Thread added: 0x00000122d1171320
Event: 13.959 Thread 0x00000122d1170900 Thread added: 0x00000122d1171d40
Event: 17.231 Thread 0x00000122d1170900 Thread added: 0x00000122d116efb0
Event: 17.267 Thread 0x00000122d1170900 Thread added: 0x00000122d1172250
Event: 18.098 Thread 0x00000122d1170900 Thread added: 0x00000122d116f4c0
Event: 18.248 Thread 0x00000122d1170900 Thread added: 0x00000122d116fee0
Event: 18.271 Thread 0x00000122d1170900 Thread added: 0x00000122d1bf6600
Event: 19.185 Thread 0x00000122d1170900 Thread added: 0x00000122d1bf9db0
Event: 19.285 Thread 0x00000122d1170900 Thread added: 0x00000122d1bf7f50
Event: 19.736 Thread 0x00000122d1170900 Thread added: 0x00000122d1bf7a40
Event: 20.085 Thread 0x00000122d1170900 Thread added: 0x00000122d1bfa2c0
Event: 36.005 Thread 0x00000122d1171320 Thread added: 0x00000122d1bf5be0


Dynamic libraries:
0x00007ff75e7f0000 - 0x00007ff75e853000 	C:\Program Files\RedHat\java-17-openjdk-17.0.13.0.11-1\bin\java.exe
0x00007ff91d3a0000 - 0x00007ff91d5a9000 	C:\Windows\SYSTEM32\ntdll.dll
0x00007ff91c270000 - 0x00007ff91c32d000 	C:\Windows\System32\KERNEL32.DLL
0x00007ff91a830000 - 0x00007ff91abb4000 	C:\Windows\System32\KERNELBASE.dll
0x00007ff91b0d0000 - 0x00007ff91b1e1000 	C:\Windows\System32\ucrtbase.dll
0x00007ff913b70000 - 0x00007ff913b87000 	C:\Program Files\RedHat\java-17-openjdk-17.0.13.0.11-1\bin\jli.dll
0x00007ff90df60000 - 0x00007ff90df7b000 	C:\Program Files\RedHat\java-17-openjdk-17.0.13.0.11-1\bin\VCRUNTIME140.dll
0x00007ff91ccf0000 - 0x00007ff91ce9d000 	C:\Windows\System32\USER32.dll
0x00007ff91ae70000 - 0x00007ff91ae96000 	C:\Windows\System32\win32u.dll
0x00007ff91cea0000 - 0x00007ff91ceca000 	C:\Windows\System32\GDI32.dll
0x00007ff91acd0000 - 0x00007ff91adee000 	C:\Windows\System32\gdi32full.dll
0x00007ff909170000 - 0x00007ff909415000 	C:\Windows\WinSxS\amd64_microsoft.windows.common-controls_6595b64144ccf1df_6.0.22000.120_none_9d947278b86cc467\COMCTL32.dll
0x00007ff91d2b0000 - 0x00007ff91d353000 	C:\Windows\System32\msvcrt.dll
0x00007ff91abc0000 - 0x00007ff91ac5d000 	C:\Windows\System32\msvcp_win.dll
0x00007ff91b920000 - 0x00007ff91b951000 	C:\Windows\System32\IMM32.DLL
0x0000000065980000 - 0x000000006598c000 	C:\Program Files (x86)\360\Total Security\safemon\SafeWrapper.dll
0x00007ff91c1c0000 - 0x00007ff91c26e000 	C:\Windows\System32\ADVAPI32.dll
0x00007ff91b760000 - 0x00007ff91b7fe000 	C:\Windows\System32\sechost.dll
0x00007ff91d0a0000 - 0x00007ff91d1c1000 	C:\Windows\System32\RPCRT4.dll
0x00007ff8c5ce0000 - 0x00007ff8c5d8c000 	C:\Program Files (x86)\360\Total Security\safemon\libzdtp64.dll
0x00007ff91c420000 - 0x00007ff91cbe5000 	C:\Windows\System32\SHELL32.dll
0x00007ff91cc90000 - 0x00007ff91cced000 	C:\Windows\System32\SHLWAPI.dll
0x00007ff91a0b0000 - 0x00007ff91a0ba000 	C:\Windows\SYSTEM32\VERSION.dll
0x00007ff916be0000 - 0x00007ff916bec000 	C:\Program Files\RedHat\java-17-openjdk-17.0.13.0.11-1\bin\vcruntime140_1.dll
0x00007ff8f2cc0000 - 0x00007ff8f2d4d000 	C:\Program Files\RedHat\java-17-openjdk-17.0.13.0.11-1\bin\msvcp140.dll
0x00007ff8b41f0000 - 0x00007ff8b4e5c000 	C:\Program Files\RedHat\java-17-openjdk-17.0.13.0.11-1\bin\server\jvm.dll
0x00007ff91d240000 - 0x00007ff91d2af000 	C:\Windows\System32\WS2_32.dll
0x00007ff91a700000 - 0x00007ff91a74d000 	C:\Windows\SYSTEM32\POWRPROF.dll
0x00007ff913a00000 - 0x00007ff913a33000 	C:\Windows\SYSTEM32\WINMM.dll
0x00007ff91a6e0000 - 0x00007ff91a6f3000 	C:\Windows\SYSTEM32\UMPDC.dll
0x00007ff919830000 - 0x00007ff919848000 	C:\Windows\SYSTEM32\kernel.appcore.dll
0x00007ff907b00000 - 0x00007ff907b0a000 	C:\Program Files\RedHat\java-17-openjdk-17.0.13.0.11-1\bin\jimage.dll
0x00007ff918230000 - 0x00007ff918451000 	C:\Windows\SYSTEM32\DBGHELP.DLL
0x00007ff901370000 - 0x00007ff9013a1000 	C:\Windows\SYSTEM32\dbgcore.DLL
0x00007ff91adf0000 - 0x00007ff91ae6f000 	C:\Windows\System32\bcryptPrimitives.dll
0x00007ff8ebbd0000 - 0x00007ff8ebbde000 	C:\Program Files\RedHat\java-17-openjdk-17.0.13.0.11-1\bin\instrument.dll
0x00007ff8f2c90000 - 0x00007ff8f2cb5000 	C:\Program Files\RedHat\java-17-openjdk-17.0.13.0.11-1\bin\java.dll
0x00007ff8e0c00000 - 0x00007ff8e0cd7000 	C:\Program Files\RedHat\java-17-openjdk-17.0.13.0.11-1\bin\jsvml.dll
0x00007ff918890000 - 0x00007ff9190f2000 	C:\Windows\SYSTEM32\windows.storage.dll
0x00007ff91be40000 - 0x00007ff91c1b6000 	C:\Windows\System32\combase.dll
0x00007ff918720000 - 0x00007ff918887000 	C:\Windows\SYSTEM32\wintypes.dll
0x00007ff91b1f0000 - 0x00007ff91b2da000 	C:\Windows\System32\SHCORE.dll
0x00007ff91a760000 - 0x00007ff91a785000 	C:\Windows\SYSTEM32\profapi.dll
0x00007ff8f2c50000 - 0x00007ff8f2c68000 	C:\Program Files\RedHat\java-17-openjdk-17.0.13.0.11-1\bin\zip.dll
0x00007ff8f6360000 - 0x00007ff8f6379000 	C:\Program Files\RedHat\java-17-openjdk-17.0.13.0.11-1\bin\net.dll
0x00007ff913f10000 - 0x00007ff914024000 	C:\Windows\SYSTEM32\WINHTTP.dll
0x00007ff919ce0000 - 0x00007ff919d47000 	C:\Windows\system32\mswsock.dll
0x00007ff8f2c70000 - 0x00007ff8f2c86000 	C:\Program Files\RedHat\java-17-openjdk-17.0.13.0.11-1\bin\nio.dll
0x00007ff8f6340000 - 0x00007ff8f6350000 	C:\Program Files\RedHat\java-17-openjdk-17.0.13.0.11-1\bin\verify.dll
0x00007ff902330000 - 0x00007ff902357000 	C:\Users\LENOVO YOGA\.gradle\native\c067742578af261105cb4f569cf0c3c89f3d7b1fecec35dd04571415982c5e48\windows-amd64\native-platform.dll
0x00007ff8b6020000 - 0x00007ff8b6164000 	C:\Users\LENOVO YOGA\.gradle\native\100fb08df4bc3b14c8652ba06237920a3bd2aa13389f12d3474272988ae205f9\windows-amd64\native-platform-file-events.dll
0x00007ff8f2bd0000 - 0x00007ff8f2bda000 	C:\Program Files\RedHat\java-17-openjdk-17.0.13.0.11-1\bin\management.dll
0x00007ff8f25d0000 - 0x00007ff8f25db000 	C:\Program Files\RedHat\java-17-openjdk-17.0.13.0.11-1\bin\management_ext.dll
0x00007ff91d090000 - 0x00007ff91d098000 	C:\Windows\System32\PSAPI.DLL
0x00007ff919f20000 - 0x00007ff919f38000 	C:\Windows\SYSTEM32\CRYPTSP.dll
0x00007ff919790000 - 0x00007ff9197c5000 	C:\Windows\system32\rsaenh.dll
0x00007ff919dd0000 - 0x00007ff919dfc000 	C:\Windows\SYSTEM32\USERENV.dll
0x00007ff91a0c0000 - 0x00007ff91a0e7000 	C:\Windows\SYSTEM32\bcrypt.dll
0x00007ff919f40000 - 0x00007ff919f4c000 	C:\Windows\SYSTEM32\CRYPTBASE.dll
0x00007ff919350000 - 0x00007ff91937d000 	C:\Windows\SYSTEM32\IPHLPAPI.DLL
0x00007ff91c330000 - 0x00007ff91c339000 	C:\Windows\System32\NSI.dll
0x00007ff914a30000 - 0x00007ff914a49000 	C:\Windows\SYSTEM32\dhcpcsvc6.DLL
0x00007ff9150e0000 - 0x00007ff9150fe000 	C:\Windows\SYSTEM32\dhcpcsvc.DLL
0x00007ff9193c0000 - 0x00007ff9194a7000 	C:\Windows\SYSTEM32\DNSAPI.dll
0x00007ff8ebc20000 - 0x00007ff8ebc29000 	C:\Program Files\RedHat\java-17-openjdk-17.0.13.0.11-1\bin\extnet.dll
0x00007ff8ebc10000 - 0x00007ff8ebc1e000 	C:\Program Files\RedHat\java-17-openjdk-17.0.13.0.11-1\bin\sunmscapi.dll
0x00007ff91aea0000 - 0x00007ff91b002000 	C:\Windows\System32\CRYPT32.dll
0x00007ff91a070000 - 0x00007ff91a098000 	C:\Windows\SYSTEM32\ncrypt.dll
0x00007ff91a030000 - 0x00007ff91a067000 	C:\Windows\SYSTEM32\NTASN1.dll
0x00007ff906f00000 - 0x00007ff906f08000 	C:\Windows\system32\wshunix.dll

dbghelp: loaded successfully - version: 4.0.5 - missing functions: none
symbol engine: initialized successfully - sym options: 0x614 - pdb path: .;C:\Program Files\RedHat\java-17-openjdk-17.0.13.0.11-1\bin;C:\Windows\SYSTEM32;C:\Windows\WinSxS\amd64_microsoft.windows.common-controls_6595b64144ccf1df_6.0.22000.120_none_9d947278b86cc467;C:\Program Files (x86)\360\Total Security\safemon;C:\Program Files\RedHat\java-17-openjdk-17.0.13.0.11-1\bin\server;C:\Users\LENOVO YOGA\.gradle\native\c067742578af261105cb4f569cf0c3c89f3d7b1fecec35dd04571415982c5e48\windows-amd64;C:\Users\LENOVO YOGA\.gradle\native\100fb08df4bc3b14c8652ba06237920a3bd2aa13389f12d3474272988ae205f9\windows-amd64

VM Arguments:
jvm_args: -XX:MaxMetaspaceSize=512m --add-opens=java.base/java.util=ALL-UNNAMED --add-opens=java.base/java.lang=ALL-UNNAMED --add-opens=java.base/java.lang.invoke=ALL-UNNAMED --add-opens=java.prefs/java.util.prefs=ALL-UNNAMED --add-exports=jdk.compiler/com.sun.tools.javac.api=ALL-UNNAMED --add-exports=jdk.compiler/com.sun.tools.javac.util=ALL-UNNAMED --add-opens=java.base/java.nio.charset=ALL-UNNAMED --add-opens=java.base/java.net=ALL-UNNAMED --add-opens=java.base/java.util.concurrent.atomic=ALL-UNNAMED -Dfile.encoding=windows-1252 -Duser.country=US -Duser.language=en -Duser.variant -javaagent:C:\Users\LENOVO YOGA\.gradle\wrapper\dists\gradle-8.10.2-bin\a04bxjujx95o3nb99gddekhwo\gradle-8.10.2\lib\agents\gradle-instrumentation-agent-8.10.2.jar 
java_command: org.gradle.launcher.daemon.bootstrap.GradleDaemon 8.10.2
java_class_path (initial): C:\Users\LENOVO YOGA\.gradle\wrapper\dists\gradle-8.10.2-bin\a04bxjujx95o3nb99gddekhwo\gradle-8.10.2\lib\gradle-daemon-main-8.10.2.jar
Launcher Type: SUN_STANDARD

[Global flags]
     intx CICompilerCount                          = 3                                         {product} {ergonomic}
   size_t CompressedClassSpaceSize                 = 436207616                                 {product} {ergonomic}
     uint ConcGCThreads                            = 1                                         {product} {ergonomic}
     uint G1ConcRefinementThreads                  = 4                                         {product} {ergonomic}
   size_t G1HeapRegionSize                         = 1048576                                   {product} {ergonomic}
    uintx GCDrainStackTargetSize                   = 64                                        {product} {ergonomic}
   size_t InitialHeapSize                          = 125829120                                 {product} {ergonomic}
   size_t MarkStackSize                            = 4194304                                   {product} {ergonomic}
   size_t MaxHeapSize                              = 2002780160                                {product} {ergonomic}
   size_t MaxMetaspaceSize                         = 536870912                                 {product} {command line}
   size_t MaxNewSize                               = 1201668096                                {product} {ergonomic}
   size_t MinHeapDeltaBytes                        = 1048576                                   {product} {ergonomic}
   size_t MinHeapSize                              = 8388608                                   {product} {ergonomic}
    uintx NonNMethodCodeHeapSize                   = 5832780                                {pd product} {ergonomic}
    uintx NonProfiledCodeHeapSize                  = 122912730                              {pd product} {ergonomic}
    uintx ProfiledCodeHeapSize                     = 122912730                              {pd product} {ergonomic}
    uintx ReservedCodeCacheSize                    = 251658240                              {pd product} {ergonomic}
     bool SegmentedCodeCache                       = true                                      {product} {ergonomic}
   size_t SoftMaxHeapSize                          = 2002780160                             {manageable} {ergonomic}
     bool UseCompressedClassPointers               = true                           {product lp64_product} {ergonomic}
     bool UseCompressedOops                        = true                           {product lp64_product} {ergonomic}
     bool UseG1GC                                  = true                                      {product} {ergonomic}
     bool UseLargePagesIndividualAllocation        = false                                  {pd product} {ergonomic}

Logging:
Log output configuration:
 #0: stdout all=warning uptime,level,tags
 #1: stderr all=off uptime,level,tags

Environment Variables:
JAVA_HOME=C:\Program Files\RedHat\java-17-openjdk-17.0.13.0.11-1\
CLASSPATH=C:\Users\LENOVO YOGA\opentelemetry-java2\\gradle\wrapper\gradle-wrapper.jar
PATH=C:\Python312\Scripts\;C:\Python312\;C:\Program Files (x86)\NVIDIA Corporation\PhysX\Common;C:\Windows\system32;C:\Windows;C:\Windows\System32\Wbem;C:\Windows\System32\WindowsPowerShell\v1.0\;C:\Windows\System32\OpenSSH\;C:\Programs1\Git\cmd;C:\Program Files\dotnet\;C:\ProgramData\chocolatey\bin;C:\Users\LENOVO YOGA\AppData\Roaming\nvm;C:\Program Files\nodejs;C:\Program Files\Go\bin;C:\Program Files\RedHat\java-17-openjdk-17.0.13.0.11-1\bin;C:\Program Files\RedHat\java-17-openjdk-17.0.13.0.11-1\missioncontrol\;C:\Users\LENOVO YOGA\.cargo\bin;C:\Users\LENOVO YOGA\AppData\Local\pnpm;C:\Users\LENOVO YOGA\AppData\Local\Microsoft\WindowsApps;C:\Users\LENOVO YOGA\AppData\Local\Programs\Microsoft VS Code\bin;C:\Users\LENOVO YOGA\AppData\Local\GitHubDesktop\bin;C:\Users\LENOVO YOGA\AppData\Roaming\npm;C:\Users\LENOVO YOGA\AppData\Roaming\nvm;C:\Program Files\nodejs;C:\Users\LENOVO YOGA\go\bin
USERNAME=LENOVO YOGA
LANG=en_US.UTF-8
OS=Windows_NT
PROCESSOR_IDENTIFIER=Intel64 Family 6 Model 78 Stepping 3, GenuineIntel
TMP=C:\Users\LENOVO~1\AppData\Local\Temp
TEMP=C:\Users\LENOVO~1\AppData\Local\Temp



Periodic native trim disabled


---------------  S Y S T E M  ---------------

OS:
 Windows 11 , 64 bit Build 22000 (10.0.22000.2538)
OS uptime: 0 days 1:32 hours
Hyper-V role detected

CPU: total 4 (initial active 4) (2 cores per cpu, 2 threads per core) family 6 model 78 stepping 3 microcode 0xd6, cx8, cmov, fxsr, ht, mmx, 3dnowpref, sse, sse2, sse3, ssse3, sse4.1, sse4.2, popcnt, lzcnt, tsc, tscinvbit, aes, erms, clmul, clflush, clflushopt, hv
Processor Information for all 4 processors :
  Max Mhz: 2112, Current Mhz: 2112, Mhz Limit: 2112

Memory: 4k page, system-wide physical 7633M (85M free)
TotalPageFile size 14563M (AvailPageFile size 22M)
current process WorkingSet (physical memory assigned to process): 346M, peak: 346M
current process commit charge ("private bytes"): 377M, peak: 402M

vm_info: OpenJDK 64-Bit Server VM (17.0.13+11-LTS) for windows-amd64 JRE (17.0.13+11-LTS), built on Oct  9 2024 05:44:29 by "" with MS VC++ 16.10 / 16.11 (VS2019)

END.
